app/build/intermediates/manifest_merge_blame_file/debug/processDebugMainManifest/manifest-merger-blame-debug-report.txt
1<?xml version="1.0" encoding="utf-8"?>
2<manifest xmlns:android="http://schemas.android.com/apk/res/android"
3    package="com.lagradost.quicknovel.debug"
4    android:versionCode="56"
5    android:versionName="3.3.3-DEBUG" >
6
7    <uses-sdk
8        android:minSdkVersion="26"
9        android:targetSdkVersion="35" />
10
11    <uses-permission android:name="android.permission.INTERNET" />
11-->src\main\AndroidManifest.xml:4:5-67
11-->src\main\AndroidManifest.xml:4:22-64
12    <uses-permission android:name="android.permission.POST_NOTIFICATIONS" />
12-->src\main\AndroidManifest.xml:5:5-77
12-->src\main\AndroidManifest.xml:5:22-74
13    <uses-permission android:name="android.permission.READ_EXTERNAL_STORAGE" />
13-->src\main\AndroidManifest.xml:6:5-80
13-->src\main\AndroidManifest.xml:6:22-77
14    <uses-permission android:name="android.permission.WRITE_EXTERNAL_STORAGE" />
14-->src\main\AndroidManifest.xml:7:5-81
14-->src\main\AndroidManifest.xml:7:22-78
15    <uses-permission android:name="android.permission.REQUEST_INSTALL_PACKAGES" />
15-->src\main\AndroidManifest.xml:8:5-83
15-->src\main\AndroidManifest.xml:8:22-80
16    <uses-permission android:name="android.permission.FOREGROUND_SERVICE" />
16-->src\main\AndroidManifest.xml:9:5-77
16-->src\main\AndroidManifest.xml:9:22-74
17    <uses-permission android:name="android.permission.FOREGROUND_SERVICE_DATA_SYNC" />
17-->src\main\AndroidManifest.xml:10:5-87
17-->src\main\AndroidManifest.xml:10:22-84
18    <uses-permission android:name="android.permission.FOREGROUND_SERVICE_MEDIA_PLAYBACK" />
18-->src\main\AndroidManifest.xml:11:5-92
18-->src\main\AndroidManifest.xml:11:22-89
19
20    <queries>
20-->src\main\AndroidManifest.xml:13:5-18:15
21        <intent>
21-->src\main\AndroidManifest.xml:14:9-17:18
22
23            <!-- Allow TTS usage on A11+ -->
24            <action android:name="android.intent.action.TTS_SERVICE" />
24-->src\main\AndroidManifest.xml:16:13-72
24-->src\main\AndroidManifest.xml:16:21-69
25        </intent>
26    </queries>
27
28    <uses-permission android:name="android.permission.ACCESS_NETWORK_STATE" />
28-->[com.google.mlkit:translate:17.0.3] AndroidManifest.xml:7:5-79
28-->[com.google.mlkit:translate:17.0.3] AndroidManifest.xml:7:22-76
29    <uses-permission android:name="android.permission.WAKE_LOCK" />
29-->[androidx.work:work-runtime:2.10.1] AndroidManifest.xml:23:5-68
29-->[androidx.work:work-runtime:2.10.1] AndroidManifest.xml:23:22-65
30    <uses-permission android:name="android.permission.RECEIVE_BOOT_COMPLETED" />
30-->[androidx.work:work-runtime:2.10.1] AndroidManifest.xml:25:5-81
30-->[androidx.work:work-runtime:2.10.1] AndroidManifest.xml:25:22-78
31
32    <permission
32-->[androidx.core:core:1.16.0] AndroidManifest.xml:22:5-24:47
33        android:name="com.lagradost.quicknovel.debug.DYNAMIC_RECEIVER_NOT_EXPORTED_PERMISSION"
33-->[androidx.core:core:1.16.0] AndroidManifest.xml:23:9-81
34        android:protectionLevel="signature" />
34-->[androidx.core:core:1.16.0] AndroidManifest.xml:24:9-44
35
36    <uses-permission android:name="com.lagradost.quicknovel.debug.DYNAMIC_RECEIVER_NOT_EXPORTED_PERMISSION" />
36-->[androidx.core:core:1.16.0] AndroidManifest.xml:26:5-97
36-->[androidx.core:core:1.16.0] AndroidManifest.xml:26:22-94
37    <uses-permission android:name="android.permission.RECORD_AUDIO" />
37-->[com.microsoft.cognitiveservices.speech:client-sdk:1.38.0] AndroidManifest.xml:11:5-71
37-->[com.microsoft.cognitiveservices.speech:client-sdk:1.38.0] AndroidManifest.xml:11:22-68
38
39    <application
39-->src\main\AndroidManifest.xml:20:5-201:19
40        android:name="com.lagradost.quicknovel.BaseApplication"
40-->src\main\AndroidManifest.xml:23:13-44
41        android:allowBackup="true"
41-->src\main\AndroidManifest.xml:25:13-39
42        android:appComponentFactory="androidx.core.app.CoreComponentFactory"
42-->[androidx.core:core:1.16.0] AndroidManifest.xml:28:18-86
43        android:debuggable="true"
44        android:enableOnBackInvokedCallback="true"
44-->src\main\AndroidManifest.xml:22:13-55
45        android:extractNativeLibs="false"
46        android:icon="@mipmap/ic_launcher"
46-->src\main\AndroidManifest.xml:26:13-47
47        android:label="@string/app_name"
47-->src\main\AndroidManifest.xml:27:13-45
48        android:requestLegacyExternalStorage="true"
48-->src\main\AndroidManifest.xml:24:13-56
49        android:roundIcon="@mipmap/ic_launcher"
49-->src\main\AndroidManifest.xml:28:13-52
50        android:supportsRtl="true"
50-->src\main\AndroidManifest.xml:29:13-39
51        android:testOnly="true"
52        android:theme="@style/AppTheme"
52-->src\main\AndroidManifest.xml:30:13-44
53        android:usesCleartextTraffic="true" >
53-->src\main\AndroidManifest.xml:21:13-48
54        <service
54-->src\main\AndroidManifest.xml:33:9-41:19
55            android:name="com.lagradost.quicknovel.TTSNotificationService"
55-->src\main\AndroidManifest.xml:34:17-55
56            android:enabled="true"
56-->src\main\AndroidManifest.xml:35:17-39
57            android:exported="false"
57-->src\main\AndroidManifest.xml:37:17-41
58            android:foregroundServiceType="mediaPlayback" >
58-->src\main\AndroidManifest.xml:36:17-62
59            <intent-filter>
59-->src\main\AndroidManifest.xml:38:13-40:29
60                <action android:name="android.intent.action.MEDIA_BUTTON" />
60-->src\main\AndroidManifest.xml:39:17-77
60-->src\main\AndroidManifest.xml:39:25-74
61            </intent-filter>
62        </service>
63
64        <receiver
64-->src\main\AndroidManifest.xml:43:9-49:20
65            android:name="androidx.media.session.MediaButtonReceiver"
65-->src\main\AndroidManifest.xml:44:17-74
66            android:exported="true" >
66-->src\main\AndroidManifest.xml:45:17-40
67            <intent-filter>
67-->src\main\AndroidManifest.xml:38:13-40:29
68                <action android:name="android.intent.action.MEDIA_BUTTON" />
68-->src\main\AndroidManifest.xml:39:17-77
68-->src\main\AndroidManifest.xml:39:25-74
69            </intent-filter>
70        </receiver>
71
72        <activity
72-->src\main\AndroidManifest.xml:51:9-167:20
73            android:name="com.lagradost.quicknovel.MainActivity"
73-->src\main\AndroidManifest.xml:52:17-45
74            android:configChanges="orientation|screenSize|smallestScreenSize|screenLayout|keyboard|keyboardHidden|navigation"
74-->src\main\AndroidManifest.xml:54:17-130
75            android:exported="true" >
75-->src\main\AndroidManifest.xml:53:17-40
76            <intent-filter>
76-->src\main\AndroidManifest.xml:56:13-59:29
77                <action android:name="android.intent.action.MAIN" />
77-->src\main\AndroidManifest.xml:57:17-69
77-->src\main\AndroidManifest.xml:57:25-66
78
79                <category android:name="android.intent.category.LAUNCHER" />
79-->src\main\AndroidManifest.xml:58:17-77
79-->src\main\AndroidManifest.xml:58:27-74
80            </intent-filter>
81            <intent-filter android:label="Read with QuickNovel" >
81-->src\main\AndroidManifest.xml:60:13-66:29
81-->src\main\AndroidManifest.xml:60:28-64
82                <action android:name="android.intent.action.SEND" />
82-->src\main\AndroidManifest.xml:61:17-69
82-->src\main\AndroidManifest.xml:61:25-66
83
84                <category android:name="android.intent.category.DEFAULT" />
84-->src\main\AndroidManifest.xml:63:17-76
84-->src\main\AndroidManifest.xml:63:27-73
85
86                <data android:mimeType="*/*" />
86-->src\main\AndroidManifest.xml:65:17-48
86-->src\main\AndroidManifest.xml:65:23-45
87            </intent-filter>
88            <intent-filter>
88-->src\main\AndroidManifest.xml:67:13-166:29
89                <action android:name="android.intent.action.VIEW" />
89-->src\main\AndroidManifest.xml:68:17-69
89-->src\main\AndroidManifest.xml:68:25-66
90
91                <category android:name="android.intent.category.BROWSABLE" />
91-->src\main\AndroidManifest.xml:70:17-78
91-->src\main\AndroidManifest.xml:70:27-75
92                <category android:name="android.intent.category.DEFAULT" />
92-->src\main\AndroidManifest.xml:63:17-76
92-->src\main\AndroidManifest.xml:63:27-73
93
94                <data
94-->src\main\AndroidManifest.xml:65:17-48
95                    android:host="www.reddit.com"
95-->src\main\AndroidManifest.xml:75:25-54
96                    android:pathPrefix="/r/"
96-->src\main\AndroidManifest.xml:76:25-49
97                    android:scheme="https" />
97-->src\main\AndroidManifest.xml:74:25-47
98                <data
98-->src\main\AndroidManifest.xml:65:17-48
99                    android:host="allnovel.org"
99-->src\main\AndroidManifest.xml:75:25-54
100                    android:pathPrefix="/"
100-->src\main\AndroidManifest.xml:76:25-49
101                    android:scheme="https" />
101-->src\main\AndroidManifest.xml:74:25-47
102                <data
102-->src\main\AndroidManifest.xml:65:17-48
103                    android:host="annas-archive.org"
103-->src\main\AndroidManifest.xml:75:25-54
104                    android:pathPrefix="/"
104-->src\main\AndroidManifest.xml:76:25-49
105                    android:scheme="https" />
105-->src\main\AndroidManifest.xml:74:25-47
106                <data
106-->src\main\AndroidManifest.xml:65:17-48
107                    android:host="bestlightnovel.com"
107-->src\main\AndroidManifest.xml:75:25-54
108                    android:pathPrefix="/"
108-->src\main\AndroidManifest.xml:76:25-49
109                    android:scheme="https" />
109-->src\main\AndroidManifest.xml:74:25-47
110                <data
110-->src\main\AndroidManifest.xml:65:17-48
111                    android:host="freewebnovel.com"
111-->src\main\AndroidManifest.xml:75:25-54
112                    android:pathPrefix="/"
112-->src\main\AndroidManifest.xml:76:25-49
113                    android:scheme="https" />
113-->src\main\AndroidManifest.xml:74:25-47
114                <data
114-->src\main\AndroidManifest.xml:65:17-48
115                    android:host="graycity.net"
115-->src\main\AndroidManifest.xml:75:25-54
116                    android:pathPrefix="/"
116-->src\main\AndroidManifest.xml:76:25-49
117                    android:scheme="https" />
117-->src\main\AndroidManifest.xml:74:25-47
118                <data
118-->src\main\AndroidManifest.xml:65:17-48
119                    android:host="hiraethtranslation.com"
119-->src\main\AndroidManifest.xml:75:25-54
120                    android:pathPrefix="/"
120-->src\main\AndroidManifest.xml:76:25-49
121                    android:scheme="https" />
121-->src\main\AndroidManifest.xml:74:25-47
122                <data
122-->src\main\AndroidManifest.xml:65:17-48
123                    android:host="indowebnovel.id"
123-->src\main\AndroidManifest.xml:75:25-54
124                    android:pathPrefix="/"
124-->src\main\AndroidManifest.xml:76:25-49
125                    android:scheme="https" />
125-->src\main\AndroidManifest.xml:74:25-47
126                <data
126-->src\main\AndroidManifest.xml:65:17-48
127                    android:host="kolnovel.com"
127-->src\main\AndroidManifest.xml:75:25-54
128                    android:pathPrefix="/"
128-->src\main\AndroidManifest.xml:76:25-49
129                    android:scheme="https" />
129-->src\main\AndroidManifest.xml:74:25-47
130                <data
130-->src\main\AndroidManifest.xml:65:17-48
131                    android:host="libread.com"
131-->src\main\AndroidManifest.xml:75:25-54
132                    android:pathPrefix="/"
132-->src\main\AndroidManifest.xml:76:25-49
133                    android:scheme="https" />
133-->src\main\AndroidManifest.xml:74:25-47
134                <data
134-->src\main\AndroidManifest.xml:65:17-48
135                    android:host="meionovels.com"
135-->src\main\AndroidManifest.xml:75:25-54
136                    android:pathPrefix="/"
136-->src\main\AndroidManifest.xml:76:25-49
137                    android:scheme="https" />
137-->src\main\AndroidManifest.xml:74:25-47
138                <data
138-->src\main\AndroidManifest.xml:65:17-48
139                    android:host="risenovel.com"
139-->src\main\AndroidManifest.xml:75:25-54
140                    android:pathPrefix="/"
140-->src\main\AndroidManifest.xml:76:25-49
141                    android:scheme="https" />
141-->src\main\AndroidManifest.xml:74:25-47
142                <data
142-->src\main\AndroidManifest.xml:65:17-48
143                    android:host="www.mtlnovels.com"
143-->src\main\AndroidManifest.xml:75:25-54
144                    android:pathPrefix="/"
144-->src\main\AndroidManifest.xml:76:25-49
145                    android:scheme="https" />
145-->src\main\AndroidManifest.xml:74:25-47
146                <data
146-->src\main\AndroidManifest.xml:65:17-48
147                    android:host="novelbin.com"
147-->src\main\AndroidManifest.xml:75:25-54
148                    android:pathPrefix="/"
148-->src\main\AndroidManifest.xml:76:25-49
149                    android:scheme="https" />
149-->src\main\AndroidManifest.xml:74:25-47
150                <data
150-->src\main\AndroidManifest.xml:65:17-48
151                    android:host="novelfull.com"
151-->src\main\AndroidManifest.xml:75:25-54
152                    android:pathPrefix="/"
152-->src\main\AndroidManifest.xml:76:25-49
153                    android:scheme="https" />
153-->src\main\AndroidManifest.xml:74:25-47
154                <data
154-->src\main\AndroidManifest.xml:65:17-48
155                    android:host="novelsonline.org"
155-->src\main\AndroidManifest.xml:75:25-54
156                    android:pathPrefix="/"
156-->src\main\AndroidManifest.xml:76:25-49
157                    android:scheme="https" />
157-->src\main\AndroidManifest.xml:74:25-47
158                <data
158-->src\main\AndroidManifest.xml:65:17-48
159                    android:host="pawread.com"
159-->src\main\AndroidManifest.xml:75:25-54
160                    android:pathPrefix="/"
160-->src\main\AndroidManifest.xml:76:25-49
161                    android:scheme="https" />
161-->src\main\AndroidManifest.xml:74:25-47
162                <data
162-->src\main\AndroidManifest.xml:65:17-48
163                    android:host="readfrom.net"
163-->src\main\AndroidManifest.xml:75:25-54
164                    android:pathPrefix="/"
164-->src\main\AndroidManifest.xml:76:25-49
165                    android:scheme="https" />
165-->src\main\AndroidManifest.xml:74:25-47
166                <data
166-->src\main\AndroidManifest.xml:65:17-48
167                    android:host="readnovelfull.com"
167-->src\main\AndroidManifest.xml:75:25-54
168                    android:pathPrefix="/"
168-->src\main\AndroidManifest.xml:76:25-49
169                    android:scheme="https" />
169-->src\main\AndroidManifest.xml:74:25-47
170                <data
170-->src\main\AndroidManifest.xml:65:17-48
171                    android:host="www.royalroad.com"
171-->src\main\AndroidManifest.xml:75:25-54
172                    android:pathPrefix="/fiction"
172-->src\main\AndroidManifest.xml:76:25-49
173                    android:scheme="https" />
173-->src\main\AndroidManifest.xml:74:25-47
174                <data
174-->src\main\AndroidManifest.xml:65:17-48
175                    android:host="sakuranovel.id"
175-->src\main\AndroidManifest.xml:75:25-54
176                    android:pathPrefix="/"
176-->src\main\AndroidManifest.xml:76:25-49
177                    android:scheme="https" />
177-->src\main\AndroidManifest.xml:74:25-47
178                <data
178-->src\main\AndroidManifest.xml:65:17-48
179                    android:host="www.scribblehub.com"
179-->src\main\AndroidManifest.xml:75:25-54
180                    android:pathPrefix="/"
180-->src\main\AndroidManifest.xml:76:25-49
181                    android:scheme="https" />
181-->src\main\AndroidManifest.xml:74:25-47
182                <data
182-->src\main\AndroidManifest.xml:65:17-48
183                    android:host="wtr-lab.com"
183-->src\main\AndroidManifest.xml:75:25-54
184                    android:pathPrefix="/"
184-->src\main\AndroidManifest.xml:76:25-49
185                    android:scheme="https" />
185-->src\main\AndroidManifest.xml:74:25-47
186            </intent-filter>
187        </activity>
188        <activity
188-->src\main\AndroidManifest.xml:169:9-181:20
189            android:name="com.lagradost.quicknovel.ReadActivity2"
189-->src\main\AndroidManifest.xml:170:17-46
190            android:configChanges="orientation|screenSize|smallestScreenSize|screenLayout|keyboard|keyboardHidden|navigation"
190-->src\main\AndroidManifest.xml:173:17-130
191            android:exported="true"
191-->src\main\AndroidManifest.xml:171:17-40
192            android:windowSoftInputMode="adjustResize" >
192-->src\main\AndroidManifest.xml:172:17-59
193            <intent-filter>
193-->src\main\AndroidManifest.xml:174:13-180:29
194                <action android:name="android.intent.action.VIEW" />
194-->src\main\AndroidManifest.xml:68:17-69
194-->src\main\AndroidManifest.xml:68:25-66
195
196                <category android:name="android.intent.category.DEFAULT" />
196-->src\main\AndroidManifest.xml:63:17-76
196-->src\main\AndroidManifest.xml:63:27-73
197
198                <data android:scheme="content" />
198-->src\main\AndroidManifest.xml:65:17-48
198-->src\main\AndroidManifest.xml:74:25-47
199                <data android:mimeType="application/epub+zip" />
199-->src\main\AndroidManifest.xml:65:17-48
199-->src\main\AndroidManifest.xml:65:23-45
200            </intent-filter>
201        </activity>
202
203        <service
203-->src\main\AndroidManifest.xml:183:9-186:44
204            android:name="com.lagradost.quicknovel.services.DownloadService"
204-->src\main\AndroidManifest.xml:184:17-57
205            android:enabled="true"
205-->src\main\AndroidManifest.xml:185:17-39
206            android:exported="false" />
206-->src\main\AndroidManifest.xml:186:17-41
207        <service
207-->src\main\AndroidManifest.xml:187:9-190:44
208            android:name="com.lagradost.quicknovel.services.TTSPauseService"
208-->src\main\AndroidManifest.xml:188:17-57
209            android:enabled="true"
209-->src\main\AndroidManifest.xml:189:17-39
210            android:exported="false" />
210-->src\main\AndroidManifest.xml:190:17-41
211
212        <provider
213            android:name="androidx.core.content.FileProvider"
213-->src\main\AndroidManifest.xml:193:17-66
214            android:authorities="com.lagradost.quicknovel.debug.provider"
214-->src\main\AndroidManifest.xml:194:17-64
215            android:exported="false"
215-->src\main\AndroidManifest.xml:195:17-41
216            android:grantUriPermissions="true" >
216-->src\main\AndroidManifest.xml:196:17-51
217            <meta-data
217-->src\main\AndroidManifest.xml:197:13-199:62
218                android:name="android.support.FILE_PROVIDER_PATHS"
218-->src\main\AndroidManifest.xml:198:21-71
219                android:resource="@xml/provider_paths" />
219-->src\main\AndroidManifest.xml:199:21-59
220        </provider>
221
222        <service
222-->[com.google.mlkit:translate:17.0.3] AndroidManifest.xml:11:9-17:19
223            android:name="com.google.mlkit.common.internal.MlKitComponentDiscoveryService"
223-->[com.google.mlkit:translate:17.0.3] AndroidManifest.xml:12:13-91
224            android:directBootAware="true"
224-->[com.google.mlkit:common:18.11.0] AndroidManifest.xml:17:13-43
225            android:exported="false" >
225-->[com.google.mlkit:translate:17.0.3] AndroidManifest.xml:13:13-37
226            <meta-data
226-->[com.google.mlkit:translate:17.0.3] AndroidManifest.xml:14:13-16:85
227                android:name="com.google.firebase.components:com.google.mlkit.nl.translate.NaturalLanguageTranslateRegistrar"
227-->[com.google.mlkit:translate:17.0.3] AndroidManifest.xml:15:17-126
228                android:value="com.google.firebase.components.ComponentRegistrar" />
228-->[com.google.mlkit:translate:17.0.3] AndroidManifest.xml:16:17-82
229            <meta-data
229-->[com.google.mlkit:common:18.11.0] AndroidManifest.xml:20:13-22:85
230                android:name="com.google.firebase.components:com.google.mlkit.common.internal.CommonComponentRegistrar"
230-->[com.google.mlkit:common:18.11.0] AndroidManifest.xml:21:17-120
231                android:value="com.google.firebase.components.ComponentRegistrar" />
231-->[com.google.mlkit:common:18.11.0] AndroidManifest.xml:22:17-82
232        </service>
233
234        <provider
234-->[com.google.mlkit:common:18.11.0] AndroidManifest.xml:9:9-13:38
235            android:name="com.google.mlkit.common.internal.MlKitInitProvider"
235-->[com.google.mlkit:common:18.11.0] AndroidManifest.xml:10:13-78
236            android:authorities="com.lagradost.quicknovel.debug.mlkitinitprovider"
236-->[com.google.mlkit:common:18.11.0] AndroidManifest.xml:11:13-69
237            android:exported="false"
237-->[com.google.mlkit:common:18.11.0] AndroidManifest.xml:12:13-37
238            android:initOrder="99" />
238-->[com.google.mlkit:common:18.11.0] AndroidManifest.xml:13:13-35
239        <provider
239-->[androidx.emoji2:emoji2:1.3.0] AndroidManifest.xml:24:9-32:20
240            android:name="androidx.startup.InitializationProvider"
240-->[androidx.emoji2:emoji2:1.3.0] AndroidManifest.xml:25:13-67
241            android:authorities="com.lagradost.quicknovel.debug.androidx-startup"
241-->[androidx.emoji2:emoji2:1.3.0] AndroidManifest.xml:26:13-68
242            android:exported="false" >
242-->[androidx.emoji2:emoji2:1.3.0] AndroidManifest.xml:27:13-37
243            <meta-data
243-->[androidx.emoji2:emoji2:1.3.0] AndroidManifest.xml:29:13-31:52
244                android:name="androidx.emoji2.text.EmojiCompatInitializer"
244-->[androidx.emoji2:emoji2:1.3.0] AndroidManifest.xml:30:17-75
245                android:value="androidx.startup" />
245-->[androidx.emoji2:emoji2:1.3.0] AndroidManifest.xml:31:17-49
246            <meta-data
246-->[androidx.work:work-runtime:2.10.1] AndroidManifest.xml:34:13-36:52
247                android:name="androidx.work.WorkManagerInitializer"
247-->[androidx.work:work-runtime:2.10.1] AndroidManifest.xml:35:17-68
248                android:value="androidx.startup" />
248-->[androidx.work:work-runtime:2.10.1] AndroidManifest.xml:36:17-49
249            <meta-data
249-->[androidx.lifecycle:lifecycle-process:2.8.3] AndroidManifest.xml:29:13-31:52
250                android:name="androidx.lifecycle.ProcessLifecycleInitializer"
250-->[androidx.lifecycle:lifecycle-process:2.8.3] AndroidManifest.xml:30:17-78
251                android:value="androidx.startup" />
251-->[androidx.lifecycle:lifecycle-process:2.8.3] AndroidManifest.xml:31:17-49
252            <meta-data
252-->[androidx.profileinstaller:profileinstaller:1.4.0] AndroidManifest.xml:29:13-31:52
253                android:name="androidx.profileinstaller.ProfileInstallerInitializer"
253-->[androidx.profileinstaller:profileinstaller:1.4.0] AndroidManifest.xml:30:17-85
254                android:value="androidx.startup" />
254-->[androidx.profileinstaller:profileinstaller:1.4.0] AndroidManifest.xml:31:17-49
255        </provider>
256
257        <service
257-->[androidx.work:work-runtime:2.10.1] AndroidManifest.xml:39:9-45:35
258            android:name="androidx.work.impl.background.systemalarm.SystemAlarmService"
258-->[androidx.work:work-runtime:2.10.1] AndroidManifest.xml:40:13-88
259            android:directBootAware="false"
259-->[androidx.work:work-runtime:2.10.1] AndroidManifest.xml:41:13-44
260            android:enabled="@bool/enable_system_alarm_service_default"
260-->[androidx.work:work-runtime:2.10.1] AndroidManifest.xml:42:13-72
261            android:exported="false" />
261-->[androidx.work:work-runtime:2.10.1] AndroidManifest.xml:43:13-37
262        <service
262-->[androidx.work:work-runtime:2.10.1] AndroidManifest.xml:46:9-52:35
263            android:name="androidx.work.impl.background.systemjob.SystemJobService"
263-->[androidx.work:work-runtime:2.10.1] AndroidManifest.xml:47:13-84
264            android:directBootAware="false"
264-->[androidx.work:work-runtime:2.10.1] AndroidManifest.xml:48:13-44
265            android:enabled="@bool/enable_system_job_service_default"
265-->[androidx.work:work-runtime:2.10.1] AndroidManifest.xml:49:13-70
266            android:exported="true"
266-->[androidx.work:work-runtime:2.10.1] AndroidManifest.xml:50:13-36
267            android:permission="android.permission.BIND_JOB_SERVICE" />
267-->[androidx.work:work-runtime:2.10.1] AndroidManifest.xml:51:13-69
268        <service
268-->[androidx.work:work-runtime:2.10.1] AndroidManifest.xml:53:9-59:35
269            android:name="androidx.work.impl.foreground.SystemForegroundService"
269-->[androidx.work:work-runtime:2.10.1] AndroidManifest.xml:54:13-81
270            android:directBootAware="false"
270-->[androidx.work:work-runtime:2.10.1] AndroidManifest.xml:55:13-44
271            android:enabled="@bool/enable_system_foreground_service_default"
271-->[androidx.work:work-runtime:2.10.1] AndroidManifest.xml:56:13-77
272            android:exported="false" />
272-->[androidx.work:work-runtime:2.10.1] AndroidManifest.xml:57:13-37
273
274        <receiver
274-->[androidx.work:work-runtime:2.10.1] AndroidManifest.xml:61:9-66:35
275            android:name="androidx.work.impl.utils.ForceStopRunnable$BroadcastReceiver"
275-->[androidx.work:work-runtime:2.10.1] AndroidManifest.xml:62:13-88
276            android:directBootAware="false"
276-->[androidx.work:work-runtime:2.10.1] AndroidManifest.xml:63:13-44
277            android:enabled="true"
277-->[androidx.work:work-runtime:2.10.1] AndroidManifest.xml:64:13-35
278            android:exported="false" />
278-->[androidx.work:work-runtime:2.10.1] AndroidManifest.xml:65:13-37
279        <receiver
279-->[androidx.work:work-runtime:2.10.1] AndroidManifest.xml:67:9-77:20
280            android:name="androidx.work.impl.background.systemalarm.ConstraintProxy$BatteryChargingProxy"
280-->[androidx.work:work-runtime:2.10.1] AndroidManifest.xml:68:13-106
281            android:directBootAware="false"
281-->[androidx.work:work-runtime:2.10.1] AndroidManifest.xml:69:13-44
282            android:enabled="false"
282-->[androidx.work:work-runtime:2.10.1] AndroidManifest.xml:70:13-36
283            android:exported="false" >
283-->[androidx.work:work-runtime:2.10.1] AndroidManifest.xml:71:13-37
284            <intent-filter>
284-->[androidx.work:work-runtime:2.10.1] AndroidManifest.xml:73:13-76:29
285                <action android:name="android.intent.action.ACTION_POWER_CONNECTED" />
285-->[androidx.work:work-runtime:2.10.1] AndroidManifest.xml:74:17-87
285-->[androidx.work:work-runtime:2.10.1] AndroidManifest.xml:74:25-84
286                <action android:name="android.intent.action.ACTION_POWER_DISCONNECTED" />
286-->[androidx.work:work-runtime:2.10.1] AndroidManifest.xml:75:17-90
286-->[androidx.work:work-runtime:2.10.1] AndroidManifest.xml:75:25-87
287            </intent-filter>
288        </receiver>
289        <receiver
289-->[androidx.work:work-runtime:2.10.1] AndroidManifest.xml:78:9-88:20
290            android:name="androidx.work.impl.background.systemalarm.ConstraintProxy$BatteryNotLowProxy"
290-->[androidx.work:work-runtime:2.10.1] AndroidManifest.xml:79:13-104
291            android:directBootAware="false"
291-->[androidx.work:work-runtime:2.10.1] AndroidManifest.xml:80:13-44
292            android:enabled="false"
292-->[androidx.work:work-runtime:2.10.1] AndroidManifest.xml:81:13-36
293            android:exported="false" >
293-->[androidx.work:work-runtime:2.10.1] AndroidManifest.xml:82:13-37
294            <intent-filter>
294-->[androidx.work:work-runtime:2.10.1] AndroidManifest.xml:84:13-87:29
295                <action android:name="android.intent.action.BATTERY_OKAY" />
295-->[androidx.work:work-runtime:2.10.1] AndroidManifest.xml:85:17-77
295-->[androidx.work:work-runtime:2.10.1] AndroidManifest.xml:85:25-74
296                <action android:name="android.intent.action.BATTERY_LOW" />
296-->[androidx.work:work-runtime:2.10.1] AndroidManifest.xml:86:17-76
296-->[androidx.work:work-runtime:2.10.1] AndroidManifest.xml:86:25-73
297            </intent-filter>
298        </receiver>
299        <receiver
299-->[androidx.work:work-runtime:2.10.1] AndroidManifest.xml:89:9-99:20
300            android:name="androidx.work.impl.background.systemalarm.ConstraintProxy$StorageNotLowProxy"
300-->[androidx.work:work-runtime:2.10.1] AndroidManifest.xml:90:13-104
301            android:directBootAware="false"
301-->[androidx.work:work-runtime:2.10.1] AndroidManifest.xml:91:13-44
302            android:enabled="false"
302-->[androidx.work:work-runtime:2.10.1] AndroidManifest.xml:92:13-36
303            android:exported="false" >
303-->[androidx.work:work-runtime:2.10.1] AndroidManifest.xml:93:13-37
304            <intent-filter>
304-->[androidx.work:work-runtime:2.10.1] AndroidManifest.xml:95:13-98:29
305                <action android:name="android.intent.action.DEVICE_STORAGE_LOW" />
305-->[androidx.work:work-runtime:2.10.1] AndroidManifest.xml:96:17-83
305-->[androidx.work:work-runtime:2.10.1] AndroidManifest.xml:96:25-80
306                <action android:name="android.intent.action.DEVICE_STORAGE_OK" />
306-->[androidx.work:work-runtime:2.10.1] AndroidManifest.xml:97:17-82
306-->[androidx.work:work-runtime:2.10.1] AndroidManifest.xml:97:25-79
307            </intent-filter>
308        </receiver>
309        <receiver
309-->[androidx.work:work-runtime:2.10.1] AndroidManifest.xml:100:9-109:20
310            android:name="androidx.work.impl.background.systemalarm.ConstraintProxy$NetworkStateProxy"
310-->[androidx.work:work-runtime:2.10.1] AndroidManifest.xml:101:13-103
311            android:directBootAware="false"
311-->[androidx.work:work-runtime:2.10.1] AndroidManifest.xml:102:13-44
312            android:enabled="false"
312-->[androidx.work:work-runtime:2.10.1] AndroidManifest.xml:103:13-36